2024-06-12 05:56:18 - Opened long position at 67260.0
2024-06-12 06:57:08 - Closed long position at 67390.4 with profit. profit: (3.88%)
2024-06-12 07:21:35 - Opened short position at 67475.2
2024-06-12 07:24:26 - Closed short position at 67427.2 with profit. profit: (1.42%)
2024-06-12 07:28:17 - Opened short position at 67379.6
2024-06-12 07:31:18 - Closed short position at 67331.2 with profit. profit: (1.44%)
2024-06-12 07:59:50 - Opened short position at 67368.0
2024-06-12 08:00:56 - Closed short position at 67426.7 with loss. loss: (-1.74%)
2024-06-12 08:10:02 - Opened long position at 67543.0
2024-06-12 08:15:50 - Closed long position at 67467.0 with loss. loss: (-2.25%)
2024-06-12 11:32:03 - Opened short position at 67438.7
2024-06-12 11:39:02 - Closed short position at 67357.7 with profit. profit: (2.40%)
2024-06-12 11:54:45 - Opened long position at 67426.4
2024-06-12 13:12:59 - Closed long position at 67572.9 with profit. profit: (4.35%)
2024-06-12 13:22:22 - Opened short position at 67523.7
2024-06-12 13:37:58 - Closed short position at 67617.7 with loss. loss: (-2.78%)
2024-06-12 13:49:05 - Opened short position at 67523.7
2024-06-12 13:57:30 - Closed short position at 67473.2 with profit. profit: (1.50%)
2024-06-12 14:14:07 - Opened long position at 67413.0
2024-06-12 14:36:30 - Closed long position at 67331.3 with loss. loss: (-2.42%)
2024-06-12 14:45:52 - Opened short position at 67269.3
2024-06-12 14:45:53 - Closed short position at 67216.2 with profit. profit: (1.58%)
2024-06-12 14:46:26 - Opened short position at 67267.5
2024-06-12 14:56:45 - Closed short position at 67219.1 with profit. profit: (1.44%)
2024-06-12 15:01:34 - Opened long position at 67290.0
2024-06-12 15:15:35 - Closed long position at 67388.2 with profit. profit: (2.92%)
2024-06-12 15:33:58 - Opened short position at 67303.4
2024-06-12 15:39:08 - Closed short position at 67379.7 with loss. loss: (-2.27%)
2024-06-12 15:50:17 - Opened short position at 67295.1
2024-06-12 16:06:09 - Closed short position at 67246.3 with profit. profit: (1.45%)
2024-06-12 16:22:17 - Opened long position at 67395.4
2024-06-12 16:58:12 - Closed long position at 67492.9 with profit. profit: (2.89%)
2024-06-12 18:08:51 - Opened long position at 67465.8
2024-06-12 18:50:05 - Closed long position at 67555.5 with profit. profit: (2.66%)
2024-06-12 19:25:14 - Opened short position at 67811.3
2024-06-12 19:40:53 - Closed short position at 67914.9 with loss. loss: (-3.06%)
2024-06-12 19:40:53 - Opened long position at 67914.9
2024-06-12 19:58:00 - Closed long position at 68029.0 with profit. profit: (3.36%)
2024-06-12 20:04:33 - Opened short position at 67920.6
2024-06-12 20:08:07 - Closed short position at 67870.8 with profit. profit: (1.47%)
2024-06-12 21:09:05 - Opened long position at 67837.8
2024-06-12 21:27:54 - Closed long position at 67944.6 with profit. profit: (3.15%)
2024-06-12 22:25:40 - Opened short position at 69178.5
2024-06-12 22:28:03 - Closed short position at 69127.2 with profit. profit: (1.48%)
2024-06-12 22:29:10 - Opened short position at 69165.5
2024-06-12 22:31:36 - Closed short position at 69108.1 with profit. profit: (1.66%)
2024-06-12 22:33:16 - Opened long position at 69321.6
2024-06-12 22:41:51 - Closed long position at 69465.9 with profit. profit: (4.16%)
