2024-06-07 05:16:28,486 - INFO - Websocket connected
2024-06-07 05:16:28,503 - INFO - Websocket connected
2024-06-07 05:16:28,704 - INFO - =======================
2024-06-07 05:16:28,704 - INFO - vwap_qualify = True
2024-06-07 05:16:28,704 - INFO - ema_short = False
2024-06-07 05:16:28,704 - INFO - ema_medium = False
2024-06-07 05:16:28,704 - INFO - ema_long = True
2024-06-07 05:16:28,705 - INFO - rsi = True, 42.48679512162805
2024-06-07 05:16:28,705 - INFO - volume_qualify = False
2024-06-07 05:16:28,705 - INFO - high_volume_node_qualify = False
2024-06-07 05:16:28,705 - INFO - 70260.6
2024-06-07 05:16:28,705 - INFO - =======================
2024-06-07 05:16:28,705 - INFO - Conditions not met for either position.
2024-06-07 05:16:29,122 - INFO - =======================
2024-06-07 05:16:29,123 - INFO - vwap_qualify = True
2024-06-07 05:16:29,123 - INFO - ema_short = False
2024-06-07 05:16:29,123 - INFO - ema_medium = False
2024-06-07 05:16:29,123 - INFO - ema_long = True
2024-06-07 05:16:29,123 - INFO - rsi = True, 42.43659691679935
2024-06-07 05:16:29,123 - INFO - volume_qualify = False
2024-06-07 05:16:29,123 - INFO - high_volume_node_qualify = False
2024-06-07 05:16:29,123 - INFO - 70260.6
2024-06-07 05:16:29,123 - INFO - =======================
2024-06-07 05:16:29,123 - INFO - Conditions not met for either position.
2024-06-07 05:16:29,400 - INFO - =======================
2024-06-07 05:16:29,400 - INFO - vwap_qualify = True
2024-06-07 05:16:29,400 - INFO - ema_short = False
2024-06-07 05:16:29,400 - INFO - ema_medium = False
2024-06-07 05:16:29,400 - INFO - ema_long = True
2024-06-07 05:16:29,400 - INFO - rsi = True, 42.43659691679935
2024-06-07 05:16:29,400 - INFO - volume_qualify = False
2024-06-07 05:16:29,400 - INFO - high_volume_node_qualify = False
2024-06-07 05:16:29,400 - INFO - 70260.6
2024-06-07 05:16:29,400 - INFO - =======================
2024-06-07 05:16:29,400 - INFO - Conditions not met for either position.
2024-06-07 05:16:29,691 - INFO - =======================
2024-06-07 05:16:29,691 - INFO - vwap_qualify = True
2024-06-07 05:16:29,691 - INFO - ema_short = False
2024-06-07 05:16:29,691 - INFO - ema_medium = False
2024-06-07 05:16:29,692 - INFO - ema_long = True
2024-06-07 05:16:29,692 - INFO - rsi = True, 42.43659691679935
2024-06-07 05:16:29,692 - INFO - volume_qualify = False
2024-06-07 05:16:29,692 - INFO - high_volume_node_qualify = False
2024-06-07 05:16:29,692 - INFO - 70260.6
2024-06-07 05:16:29,692 - INFO - =======================
2024-06-07 05:16:29,692 - INFO - Conditions not met for either position.
2024-06-07 05:16:29,988 - INFO - =======================
2024-06-07 05:16:29,989 - INFO - vwap_qualify = True
2024-06-07 05:16:29,989 - INFO - ema_short = False
2024-06-07 05:16:29,989 - INFO - ema_medium = False
2024-06-07 05:16:29,989 - INFO - ema_long = True
2024-06-07 05:16:29,989 - INFO - rsi = True, 42.43101392887624
2024-06-07 05:16:29,989 - INFO - volume_qualify = False
2024-06-07 05:16:29,989 - INFO - high_volume_node_qualify = False
2024-06-07 05:16:29,989 - INFO - 70260.6
2024-06-07 05:16:29,989 - INFO - =======================
2024-06-07 05:16:29,989 - INFO - Conditions not met for either position.
2024-06-07 05:16:30,251 - INFO - =======================
2024-06-07 05:16:30,252 - INFO - vwap_qualify = True
2024-06-07 05:16:30,252 - INFO - ema_short = False
2024-06-07 05:16:30,252 - INFO - ema_medium = False
2024-06-07 05:16:30,252 - INFO - ema_long = True
2024-06-07 05:16:30,252 - INFO - rsi = True, 42.43101392887624
2024-06-07 05:16:30,252 - INFO - volume_qualify = False
2024-06-07 05:16:30,252 - INFO - high_volume_node_qualify = False
2024-06-07 05:16:30,252 - INFO - 70260.6
2024-06-07 05:16:30,252 - INFO - =======================
2024-06-07 05:16:30,252 - INFO - Conditions not met for either position.
2024-06-07 05:16:30,754 - INFO - =======================
2024-06-07 05:16:30,754 - INFO - vwap_qualify = True
2024-06-07 05:16:30,754 - INFO - ema_short = False
2024-06-07 05:16:30,754 - INFO - ema_medium = False
2024-06-07 05:16:30,754 - INFO - ema_long = True
2024-06-07 05:16:30,754 - INFO - rsi = True, 42.43101392887624
2024-06-07 05:16:30,754 - INFO - volume_qualify = False
2024-06-07 05:16:30,754 - INFO - high_volume_node_qualify = False
2024-06-07 05:16:30,754 - INFO - 70260.6
2024-06-07 05:16:30,755 - INFO - =======================
2024-06-07 05:16:30,755 - INFO - Conditions not met for either position.
2024-06-07 05:16:31,068 - INFO - =======================
2024-06-07 05:16:31,068 - INFO - vwap_qualify = True
2024-06-07 05:16:31,068 - INFO - ema_short = False
2024-06-07 05:16:31,068 - INFO - ema_medium = False
2024-06-07 05:16:31,068 - INFO - ema_long = True
2024-06-07 05:16:31,068 - INFO - rsi = True, 42.43659691679935
2024-06-07 05:16:31,069 - INFO - volume_qualify = False
2024-06-07 05:16:31,069 - INFO - high_volume_node_qualify = False
2024-06-07 05:16:31,069 - INFO - 70260.6
2024-06-07 05:16:31,069 - INFO - =======================
2024-06-07 05:16:31,069 - INFO - Conditions not met for either position.
2024-06-07 05:16:31,419 - INFO - =======================
2024-06-07 05:16:31,419 - INFO - vwap_qualify = True
2024-06-07 05:16:31,419 - INFO - ema_short = False
2024-06-07 05:16:31,419 - INFO - ema_medium = False
2024-06-07 05:16:31,419 - INFO - ema_long = True
2024-06-07 05:16:31,420 - INFO - rsi = True, 42.43101392887624
2024-06-07 05:16:31,420 - INFO - volume_qualify = False
2024-06-07 05:16:31,420 - INFO - high_volume_node_qualify = False
2024-06-07 05:16:31,420 - INFO - 70260.6
2024-06-07 05:16:31,420 - INFO - =======================
2024-06-07 05:16:31,420 - INFO - Conditions not met for either position.
2024-06-07 05:16:31,666 - INFO - =======================
2024-06-07 05:16:31,666 - INFO - vwap_qualify = True
2024-06-07 05:16:31,666 - INFO - ema_short = False
2024-06-07 05:16:31,666 - INFO - ema_medium = False
2024-06-07 05:16:31,666 - INFO - ema_long = True
2024-06-07 05:16:31,666 - INFO - rsi = True, 42.43659691679935
2024-06-07 05:16:31,666 - INFO - volume_qualify = False
2024-06-07 05:16:31,666 - INFO - high_volume_node_qualify = False
2024-06-07 05:16:31,666 - INFO - 70260.6
2024-06-07 05:16:31,667 - INFO - =======================
2024-06-07 05:16:31,667 - INFO - Conditions not met for either position.
2024-06-07 05:16:32,019 - INFO - =======================
2024-06-07 05:16:32,020 - INFO - vwap_qualify = True
2024-06-07 05:16:32,020 - INFO - ema_short = False
2024-06-07 05:16:32,020 - INFO - ema_medium = False
2024-06-07 05:16:32,020 - INFO - ema_long = True
2024-06-07 05:16:32,020 - INFO - rsi = True, 42.43101392887624
2024-06-07 05:16:32,020 - INFO - volume_qualify = False
2024-06-07 05:16:32,020 - INFO - high_volume_node_qualify = False
2024-06-07 05:16:32,020 - INFO - 70260.6
2024-06-07 05:16:32,020 - INFO - =======================
2024-06-07 05:16:32,020 - INFO - Conditions not met for either position.
2024-06-07 05:16:32,267 - INFO - =======================
2024-06-07 05:16:32,267 - INFO - vwap_qualify = True
2024-06-07 05:16:32,267 - INFO - ema_short = False
2024-06-07 05:16:32,267 - INFO - ema_medium = False
2024-06-07 05:16:32,267 - INFO - ema_long = True
2024-06-07 05:16:32,267 - INFO - rsi = True, 42.86325924258897
2024-06-07 05:16:32,267 - INFO - volume_qualify = False
2024-06-07 05:16:32,267 - INFO - high_volume_node_qualify = False
2024-06-07 05:16:32,267 - INFO - 70260.6
2024-06-07 05:16:32,267 - INFO - =======================
2024-06-07 05:16:32,267 - INFO - Conditions not met for either position.
2024-06-07 05:16:32,547 - INFO - =======================
2024-06-07 05:16:32,548 - INFO - vwap_qualify = True
2024-06-07 05:16:32,548 - INFO - ema_short = False
2024-06-07 05:16:32,548 - INFO - ema_medium = False
2024-06-07 05:16:32,548 - INFO - ema_long = True
2024-06-07 05:16:32,548 - INFO - rsi = True, 42.868758711740995
2024-06-07 05:16:32,548 - INFO - volume_qualify = False
2024-06-07 05:16:32,548 - INFO - high_volume_node_qualify = False
2024-06-07 05:16:32,548 - INFO - 70260.6
2024-06-07 05:16:32,548 - INFO - =======================
2024-06-07 05:16:32,548 - INFO - Conditions not met for either position.
2024-06-07 05:16:32,902 - INFO - =======================
2024-06-07 05:16:32,902 - INFO - vwap_qualify = True
2024-06-07 05:16:32,902 - INFO - ema_short = False
2024-06-07 05:16:32,902 - INFO - ema_medium = False
2024-06-07 05:16:32,902 - INFO - ema_long = True
2024-06-07 05:16:32,902 - INFO - rsi = True, 42.868758711740995
2024-06-07 05:16:32,902 - INFO - volume_qualify = False
2024-06-07 05:16:32,902 - INFO - high_volume_node_qualify = False
2024-06-07 05:16:32,902 - INFO - 70260.6
2024-06-07 05:16:32,903 - INFO - =======================
2024-06-07 05:16:32,903 - INFO - Conditions not met for either position.
2024-06-07 05:16:33,513 - INFO - =======================
2024-06-07 05:16:33,513 - INFO - vwap_qualify = True
2024-06-07 05:16:33,513 - INFO - ema_short = False
2024-06-07 05:16:33,513 - INFO - ema_medium = False
2024-06-07 05:16:33,513 - INFO - ema_long = True
2024-06-07 05:16:33,513 - INFO - rsi = True, 42.868758711740995
2024-06-07 05:16:33,513 - INFO - volume_qualify = False
2024-06-07 05:16:33,513 - INFO - high_volume_node_qualify = False
2024-06-07 05:16:33,513 - INFO - 70260.6
2024-06-07 05:16:33,514 - INFO - =======================
2024-06-07 05:16:33,514 - INFO - Conditions not met for either position.
2024-06-07 05:16:33,770 - INFO - =======================
2024-06-07 05:16:33,770 - INFO - vwap_qualify = True
2024-06-07 05:16:33,770 - INFO - ema_short = False
2024-06-07 05:16:33,770 - INFO - ema_medium = False
2024-06-07 05:16:33,770 - INFO - ema_long = True
2024-06-07 05:16:33,771 - INFO - rsi = True, 42.45891804403137
2024-06-07 05:16:33,771 - INFO - volume_qualify = False
2024-06-07 05:16:33,771 - INFO - high_volume_node_qualify = False
2024-06-07 05:16:33,771 - INFO - 70260.6
2024-06-07 05:16:33,771 - INFO - =======================
2024-06-07 05:16:33,771 - INFO - Conditions not met for either position.
2024-06-07 05:16:34,287 - INFO - =======================
2024-06-07 05:16:34,287 - INFO - vwap_qualify = True
2024-06-07 05:16:34,288 - INFO - ema_short = False
2024-06-07 05:16:34,288 - INFO - ema_medium = False
2024-06-07 05:16:34,288 - INFO - ema_long = True
2024-06-07 05:16:34,288 - INFO - rsi = True, 42.45891804403137
2024-06-07 05:16:34,288 - INFO - volume_qualify = False
2024-06-07 05:16:34,288 - INFO - high_volume_node_qualify = False
2024-06-07 05:16:34,289 - INFO - 70260.6
2024-06-07 05:16:34,289 - INFO - =======================
2024-06-07 05:16:34,289 - INFO - Conditions not met for either position.
2024-06-07 05:16:35,136 - INFO - =======================
2024-06-07 05:16:35,136 - INFO - vwap_qualify = True
2024-06-07 05:16:35,136 - INFO - ema_short = False
2024-06-07 05:16:35,136 - INFO - ema_medium = False
2024-06-07 05:16:35,136 - INFO - ema_long = True
2024-06-07 05:16:35,136 - INFO - rsi = True, 42.66457076634818
2024-06-07 05:16:35,136 - INFO - volume_qualify = False
2024-06-07 05:16:35,136 - INFO - high_volume_node_qualify = False
2024-06-07 05:16:35,136 - INFO - 70260.6
2024-06-07 05:16:35,137 - INFO - =======================
2024-06-07 05:16:35,137 - INFO - Conditions not met for either position.
2024-06-07 05:16:35,435 - INFO - =======================
2024-06-07 05:16:35,436 - INFO - vwap_qualify = True
2024-06-07 05:16:35,436 - INFO - ema_short = False
2024-06-07 05:16:35,436 - INFO - ema_medium = False
2024-06-07 05:16:35,436 - INFO - ema_long = True
2024-06-07 05:16:35,436 - INFO - rsi = True, 42.802695129634294
2024-06-07 05:16:35,436 - INFO - volume_qualify = False
2024-06-07 05:16:35,436 - INFO - high_volume_node_qualify = False
2024-06-07 05:16:35,436 - INFO - 70260.6
2024-06-07 05:16:35,436 - INFO - =======================
2024-06-07 05:16:35,436 - INFO - Conditions not met for either position.
2024-06-07 05:16:36,011 - INFO - =======================
2024-06-07 05:16:36,011 - INFO - vwap_qualify = True
2024-06-07 05:16:36,011 - INFO - ema_short = False
2024-06-07 05:16:36,011 - INFO - ema_medium = False
2024-06-07 05:16:36,011 - INFO - ema_long = True
2024-06-07 05:16:36,011 - INFO - rsi = True, 42.80820626311668
2024-06-07 05:16:36,011 - INFO - volume_qualify = False
2024-06-07 05:16:36,011 - INFO - high_volume_node_qualify = False
2024-06-07 05:16:36,011 - INFO - 70260.6
2024-06-07 05:16:36,011 - INFO - =======================
2024-06-07 05:16:36,011 - INFO - Conditions not met for either position.
2024-06-07 05:16:36,388 - INFO - =======================
2024-06-07 05:16:36,388 - INFO - vwap_qualify = True
2024-06-07 05:16:36,388 - INFO - ema_short = False
2024-06-07 05:16:36,388 - INFO - ema_medium = False
2024-06-07 05:16:36,388 - INFO - ema_long = True
2024-06-07 05:16:36,388 - INFO - rsi = True, 42.80820626311668
2024-06-07 05:16:36,388 - INFO - volume_qualify = False
2024-06-07 05:16:36,388 - INFO - high_volume_node_qualify = False
2024-06-07 05:16:36,388 - INFO - 70260.6
2024-06-07 05:16:36,388 - INFO - =======================
2024-06-07 05:16:36,389 - INFO - Conditions not met for either position.
2024-06-07 05:16:36,645 - INFO - =======================
2024-06-07 05:16:36,645 - INFO - vwap_qualify = True
2024-06-07 05:16:36,645 - INFO - ema_short = False
2024-06-07 05:16:36,645 - INFO - ema_medium = False
2024-06-07 05:16:36,645 - INFO - ema_long = True
2024-06-07 05:16:36,645 - INFO - rsi = True, 43.44575942122995
2024-06-07 05:16:36,645 - INFO - volume_qualify = False
2024-06-07 05:16:36,645 - INFO - high_volume_node_qualify = False
2024-06-07 05:16:36,645 - INFO - 70260.6
2024-06-07 05:16:36,645 - INFO - =======================
2024-06-07 05:16:36,645 - INFO - Conditions not met for either position.
2024-06-07 05:16:36,916 - INFO - =======================
2024-06-07 05:16:36,917 - INFO - vwap_qualify = True
2024-06-07 05:16:36,917 - INFO - ema_short = False
2024-06-07 05:16:36,917 - INFO - ema_medium = False
2024-06-07 05:16:36,917 - INFO - ema_long = True
2024-06-07 05:16:36,917 - INFO - rsi = True, 43.70322641668742
2024-06-07 05:16:36,917 - INFO - volume_qualify = False
2024-06-07 05:16:36,917 - INFO - high_volume_node_qualify = False
2024-06-07 05:16:36,917 - INFO - 70260.6
2024-06-07 05:16:36,917 - INFO - =======================
2024-06-07 05:16:36,917 - INFO - Conditions not met for either position.
2024-06-07 05:16:37,242 - INFO - =======================
2024-06-07 05:16:37,242 - INFO - vwap_qualify = True
2024-06-07 05:16:37,242 - INFO - ema_short = False
2024-06-07 05:16:37,242 - INFO - ema_medium = False
2024-06-07 05:16:37,242 - INFO - ema_long = True
2024-06-07 05:16:37,242 - INFO - rsi = True, 43.8629562160032
2024-06-07 05:16:37,242 - INFO - volume_qualify = False
2024-06-07 05:16:37,242 - INFO - high_volume_node_qualify = False
2024-06-07 05:16:37,242 - INFO - 70260.6
2024-06-07 05:16:37,242 - INFO - =======================
2024-06-07 05:16:37,242 - INFO - Conditions not met for either position.
2024-06-07 05:16:37,612 - INFO - =======================
2024-06-07 05:16:37,613 - INFO - vwap_qualify = True
2024-06-07 05:16:37,613 - INFO - ema_short = False
2024-06-07 05:16:37,613 - INFO - ema_medium = False
2024-06-07 05:16:37,613 - INFO - ema_long = True
2024-06-07 05:16:37,613 - INFO - rsi = True, 44.60170486193082
2024-06-07 05:16:37,613 - INFO - volume_qualify = False
2024-06-07 05:16:37,613 - INFO - high_volume_node_qualify = False
2024-06-07 05:16:37,613 - INFO - 70260.6
2024-06-07 05:16:37,613 - INFO - =======================
2024-06-07 05:16:37,613 - INFO - Conditions not met for either position.
2024-06-07 05:16:37,937 - INFO - =======================
2024-06-07 05:16:37,937 - INFO - vwap_qualify = True
2024-06-07 05:16:37,937 - INFO - ema_short = False
2024-06-07 05:16:37,938 - INFO - ema_medium = False
2024-06-07 05:16:37,938 - INFO - ema_long = True
2024-06-07 05:16:37,938 - INFO - rsi = True, 44.60687478302601
2024-06-07 05:16:37,938 - INFO - volume_qualify = False
2024-06-07 05:16:37,938 - INFO - high_volume_node_qualify = False
2024-06-07 05:16:37,938 - INFO - 70260.6
2024-06-07 05:16:37,938 - INFO - =======================
2024-06-07 05:16:37,938 - INFO - Conditions not met for either position.
2024-06-07 05:16:38,227 - INFO - =======================
2024-06-07 05:16:38,227 - INFO - vwap_qualify = True
2024-06-07 05:16:38,227 - INFO - ema_short = False
2024-06-07 05:16:38,228 - INFO - ema_medium = False
2024-06-07 05:16:38,228 - INFO - ema_long = True
2024-06-07 05:16:38,228 - INFO - rsi = True, 44.60170486193082
2024-06-07 05:16:38,228 - INFO - volume_qualify = False
2024-06-07 05:16:38,228 - INFO - high_volume_node_qualify = False
2024-06-07 05:16:38,228 - INFO - 70260.6
2024-06-07 05:16:38,228 - INFO - =======================
2024-06-07 05:16:38,228 - INFO - Conditions not met for either position.
2024-06-07 05:16:38,482 - INFO - =======================
2024-06-07 05:16:38,482 - INFO - vwap_qualify = True
2024-06-07 05:16:38,482 - INFO - ema_short = False
2024-06-07 05:16:38,482 - INFO - ema_medium = False
2024-06-07 05:16:38,482 - INFO - ema_long = True
2024-06-07 05:16:38,482 - INFO - rsi = True, 44.16921104411079
2024-06-07 05:16:38,482 - INFO - volume_qualify = False
2024-06-07 05:16:38,482 - INFO - high_volume_node_qualify = False
2024-06-07 05:16:38,483 - INFO - 70260.6
2024-06-07 05:16:38,483 - INFO - =======================
2024-06-07 05:16:38,483 - INFO - Conditions not met for either position.
2024-06-07 05:16:38,736 - INFO - =======================
2024-06-07 05:16:38,736 - INFO - vwap_qualify = True
2024-06-07 05:16:38,736 - INFO - ema_short = False
2024-06-07 05:16:38,736 - INFO - ema_medium = False
2024-06-07 05:16:38,736 - INFO - ema_long = True
2024-06-07 05:16:38,736 - INFO - rsi = True, 44.16921104411079
2024-06-07 05:16:38,736 - INFO - volume_qualify = False
2024-06-07 05:16:38,736 - INFO - high_volume_node_qualify = False
2024-06-07 05:16:38,736 - INFO - 70260.6
2024-06-07 05:16:38,736 - INFO - =======================
2024-06-07 05:16:38,737 - INFO - Conditions not met for either position.
2024-06-07 05:16:39,113 - INFO - =======================
2024-06-07 05:16:39,114 - INFO - vwap_qualify = True
2024-06-07 05:16:39,114 - INFO - ema_short = False
2024-06-07 05:16:39,114 - INFO - ema_medium = False
2024-06-07 05:16:39,114 - INFO - ema_long = True
2024-06-07 05:16:39,114 - INFO - rsi = True, 44.16921104411079
2024-06-07 05:16:39,114 - INFO - volume_qualify = False
2024-06-07 05:16:39,114 - INFO - high_volume_node_qualify = False
2024-06-07 05:16:39,114 - INFO - 70260.6
2024-06-07 05:16:39,114 - INFO - =======================
2024-06-07 05:16:39,114 - INFO - Conditions not met for either position.
2024-06-07 05:16:39,416 - INFO - =======================
2024-06-07 05:16:39,416 - INFO - vwap_qualify = True
2024-06-07 05:16:39,416 - INFO - ema_short = False
2024-06-07 05:16:39,417 - INFO - ema_medium = False
2024-06-07 05:16:39,417 - INFO - ema_long = True
2024-06-07 05:16:39,417 - INFO - rsi = True, 44.15870616933415
2024-06-07 05:16:39,417 - INFO - volume_qualify = False
2024-06-07 05:16:39,417 - INFO - high_volume_node_qualify = False
2024-06-07 05:16:39,417 - INFO - 70260.6
2024-06-07 05:16:39,417 - INFO - =======================
2024-06-07 05:16:39,417 - INFO - Conditions not met for either position.
2024-06-07 05:16:39,681 - INFO - =======================
2024-06-07 05:16:39,681 - INFO - vwap_qualify = True
2024-06-07 05:16:39,681 - INFO - ema_short = False
2024-06-07 05:16:39,681 - INFO - ema_medium = False
2024-06-07 05:16:39,681 - INFO - ema_long = True
2024-06-07 05:16:39,681 - INFO - rsi = True, 44.069254871578316
2024-06-07 05:16:39,681 - INFO - volume_qualify = False
2024-06-07 05:16:39,681 - INFO - high_volume_node_qualify = False
2024-06-07 05:16:39,681 - INFO - 70260.6
2024-06-07 05:16:39,681 - INFO - =======================
2024-06-07 05:16:39,681 - INFO - Conditions not met for either position.
2024-06-07 05:16:40,029 - INFO - =======================
2024-06-07 05:16:40,029 - INFO - vwap_qualify = True
2024-06-07 05:16:40,029 - INFO - ema_short = False
2024-06-07 05:16:40,029 - INFO - ema_medium = False
2024-06-07 05:16:40,029 - INFO - ema_long = True
2024-06-07 05:16:40,029 - INFO - rsi = True, 44.069254871578316
2024-06-07 05:16:40,029 - INFO - volume_qualify = False
2024-06-07 05:16:40,029 - INFO - high_volume_node_qualify = False
2024-06-07 05:16:40,029 - INFO - 70260.6
2024-06-07 05:16:40,029 - INFO - =======================
2024-06-07 05:16:40,029 - INFO - Conditions not met for either position.
2024-06-07 05:16:40,283 - INFO - =======================
2024-06-07 05:16:40,283 - INFO - vwap_qualify = True
2024-06-07 05:16:40,284 - INFO - ema_short = False
2024-06-07 05:16:40,284 - INFO - ema_medium = False
2024-06-07 05:16:40,284 - INFO - ema_long = True
2024-06-07 05:16:40,284 - INFO - rsi = True, 44.069254871578316
2024-06-07 05:16:40,284 - INFO - volume_qualify = False
2024-06-07 05:16:40,284 - INFO - high_volume_node_qualify = False
2024-06-07 05:16:40,284 - INFO - 70260.6
2024-06-07 05:16:40,284 - INFO - =======================
2024-06-07 05:16:40,284 - INFO - Conditions not met for either position.
2024-06-07 05:16:40,555 - INFO - =======================
2024-06-07 05:16:40,556 - INFO - vwap_qualify = True
2024-06-07 05:16:40,556 - INFO - ema_short = False
2024-06-07 05:16:40,556 - INFO - ema_medium = False
2024-06-07 05:16:40,556 - INFO - ema_long = True
2024-06-07 05:16:40,556 - INFO - rsi = True, 44.074524644920636
2024-06-07 05:16:40,556 - INFO - volume_qualify = False
2024-06-07 05:16:40,556 - INFO - high_volume_node_qualify = False
2024-06-07 05:16:40,556 - INFO - 70260.6
2024-06-07 05:16:40,556 - INFO - =======================
2024-06-07 05:16:40,556 - INFO - Conditions not met for either position.
2024-06-07 05:16:41,078 - INFO - =======================
2024-06-07 05:16:41,078 - INFO - vwap_qualify = True
2024-06-07 05:16:41,078 - INFO - ema_short = False
2024-06-07 05:16:41,078 - INFO - ema_medium = False
2024-06-07 05:16:41,079 - INFO - ema_long = True
2024-06-07 05:16:41,079 - INFO - rsi = True, 44.074524644920636
2024-06-07 05:16:41,079 - INFO - volume_qualify = False
2024-06-07 05:16:41,079 - INFO - high_volume_node_qualify = False
2024-06-07 05:16:41,079 - INFO - 70260.6
2024-06-07 05:16:41,079 - INFO - =======================
2024-06-07 05:16:41,079 - INFO - Conditions not met for either position.
2024-06-07 05:16:41,379 - INFO - =======================
2024-06-07 05:16:41,379 - INFO - vwap_qualify = True
2024-06-07 05:16:41,379 - INFO - ema_short = False
2024-06-07 05:16:41,379 - INFO - ema_medium = False
2024-06-07 05:16:41,379 - INFO - ema_long = True
2024-06-07 05:16:41,379 - INFO - rsi = True, 44.074524644920636
2024-06-07 05:16:41,379 - INFO - volume_qualify = False
2024-06-07 05:16:41,379 - INFO - high_volume_node_qualify = False
2024-06-07 05:16:41,379 - INFO - 70260.6
2024-06-07 05:16:41,379 - INFO - =======================
2024-06-07 05:16:41,379 - INFO - Conditions not met for either position.
2024-06-07 05:16:41,676 - INFO - =======================
2024-06-07 05:16:41,676 - INFO - vwap_qualify = True
2024-06-07 05:16:41,676 - INFO - ema_short = False
2024-06-07 05:16:41,676 - INFO - ema_medium = False
2024-06-07 05:16:41,676 - INFO - ema_long = True
2024-06-07 05:16:41,676 - INFO - rsi = True, 44.074524644920636
2024-06-07 05:16:41,676 - INFO - volume_qualify = False
2024-06-07 05:16:41,676 - INFO - high_volume_node_qualify = False
2024-06-07 05:16:41,676 - INFO - 70260.6
2024-06-07 05:16:41,676 - INFO - =======================
2024-06-07 05:16:41,676 - INFO - Conditions not met for either position.
2024-06-07 05:16:41,938 - INFO - =======================
2024-06-07 05:16:41,939 - INFO - vwap_qualify = True
2024-06-07 05:16:41,939 - INFO - ema_short = False
2024-06-07 05:16:41,939 - INFO - ema_medium = False
2024-06-07 05:16:41,939 - INFO - ema_long = True
2024-06-07 05:16:41,939 - INFO - rsi = True, 44.069254871578316
2024-06-07 05:16:41,939 - INFO - volume_qualify = False
2024-06-07 05:16:41,939 - INFO - high_volume_node_qualify = False
2024-06-07 05:16:41,939 - INFO - 70260.6
2024-06-07 05:16:41,939 - INFO - =======================
2024-06-07 05:16:41,939 - INFO - Conditions not met for either position.
2024-06-07 05:16:42,439 - INFO - =======================
2024-06-07 05:16:42,439 - INFO - vwap_qualify = True
2024-06-07 05:16:42,439 - INFO - ema_short = False
2024-06-07 05:16:42,439 - INFO - ema_medium = False
2024-06-07 05:16:42,439 - INFO - ema_long = True
2024-06-07 05:16:42,439 - INFO - rsi = True, 43.953068075304195
2024-06-07 05:16:42,439 - INFO - volume_qualify = False
2024-06-07 05:16:42,439 - INFO - high_volume_node_qualify = False
2024-06-07 05:16:42,440 - INFO - 70260.6
2024-06-07 05:16:42,440 - INFO - =======================
2024-06-07 05:16:42,440 - INFO - Conditions not met for either position.
2024-06-07 05:16:42,691 - INFO - =======================
2024-06-07 05:16:42,691 - INFO - vwap_qualify = True
2024-06-07 05:16:42,691 - INFO - ema_short = False
2024-06-07 05:16:42,692 - INFO - ema_medium = False
2024-06-07 05:16:42,692 - INFO - ema_long = True
2024-06-07 05:16:42,692 - INFO - rsi = True, 43.953068075304195
2024-06-07 05:16:42,692 - INFO - volume_qualify = False
2024-06-07 05:16:42,692 - INFO - high_volume_node_qualify = False
2024-06-07 05:16:42,692 - INFO - 70260.6
2024-06-07 05:16:42,692 - INFO - =======================
2024-06-07 05:16:42,692 - INFO - Conditions not met for either position.
2024-06-07 05:16:42,941 - INFO - =======================
2024-06-07 05:16:42,941 - INFO - vwap_qualify = True
2024-06-07 05:16:42,941 - INFO - ema_short = False
2024-06-07 05:16:42,941 - INFO - ema_medium = False
2024-06-07 05:16:42,941 - INFO - ema_long = True
2024-06-07 05:16:42,941 - INFO - rsi = True, 44.069254871578316
2024-06-07 05:16:42,941 - INFO - volume_qualify = False
2024-06-07 05:16:42,941 - INFO - high_volume_node_qualify = False
2024-06-07 05:16:42,941 - INFO - 70260.6
2024-06-07 05:16:42,941 - INFO - =======================
2024-06-07 05:16:42,941 - INFO - Conditions not met for either position.
2024-06-07 05:16:43,197 - INFO - =======================
2024-06-07 05:16:43,197 - INFO - vwap_qualify = True
2024-06-07 05:16:43,197 - INFO - ema_short = False
2024-06-07 05:16:43,197 - INFO - ema_medium = False
2024-06-07 05:16:43,197 - INFO - ema_long = True
2024-06-07 05:16:43,197 - INFO - rsi = True, 44.074524644920636
2024-06-07 05:16:43,197 - INFO - volume_qualify = False
2024-06-07 05:16:43,197 - INFO - high_volume_node_qualify = False
2024-06-07 05:16:43,197 - INFO - 70260.6
2024-06-07 05:16:43,197 - INFO - =======================
2024-06-07 05:16:43,197 - INFO - Conditions not met for either position.
2024-06-07 05:16:43,470 - INFO - =======================
2024-06-07 05:16:43,470 - INFO - vwap_qualify = True
2024-06-07 05:16:43,470 - INFO - ema_short = False
2024-06-07 05:16:43,470 - INFO - ema_medium = False
2024-06-07 05:16:43,470 - INFO - ema_long = True
2024-06-07 05:16:43,470 - INFO - rsi = True, 44.069254871578316
2024-06-07 05:16:43,470 - INFO - volume_qualify = False
2024-06-07 05:16:43,470 - INFO - high_volume_node_qualify = False
2024-06-07 05:16:43,470 - INFO - 70260.6
2024-06-07 05:16:43,470 - INFO - =======================
2024-06-07 05:16:43,470 - INFO - Conditions not met for either position.
2024-06-07 05:16:43,867 - INFO - =======================
2024-06-07 05:16:43,867 - INFO - vwap_qualify = True
2024-06-07 05:16:43,867 - INFO - ema_short = False
2024-06-07 05:16:43,867 - INFO - ema_medium = False
2024-06-07 05:16:43,867 - INFO - ema_long = True
2024-06-07 05:16:43,867 - INFO - rsi = True, 44.069254871578316
2024-06-07 05:16:43,868 - INFO - volume_qualify = False
2024-06-07 05:16:43,868 - INFO - high_volume_node_qualify = False
2024-06-07 05:16:43,868 - INFO - 70260.6
2024-06-07 05:16:43,868 - INFO - =======================
2024-06-07 05:16:43,868 - INFO - Conditions not met for either position.
2024-06-07 05:16:44,138 - INFO - =======================
2024-06-07 05:16:44,138 - INFO - vwap_qualify = True
2024-06-07 05:16:44,138 - INFO - ema_short = False
2024-06-07 05:16:44,138 - INFO - ema_medium = False
2024-06-07 05:16:44,138 - INFO - ema_long = True
2024-06-07 05:16:44,138 - INFO - rsi = True, 44.069254871578316
2024-06-07 05:16:44,139 - INFO - volume_qualify = False
2024-06-07 05:16:44,139 - INFO - high_volume_node_qualify = False
2024-06-07 05:16:44,139 - INFO - 70260.6
2024-06-07 05:16:44,139 - INFO - =======================
2024-06-07 05:16:44,139 - INFO - Conditions not met for either position.
2024-06-07 05:16:44,401 - INFO - =======================
2024-06-07 05:16:44,401 - INFO - vwap_qualify = True
2024-06-07 05:16:44,402 - INFO - ema_short = False
2024-06-07 05:16:44,402 - INFO - ema_medium = False
2024-06-07 05:16:44,402 - INFO - ema_long = True
2024-06-07 05:16:44,402 - INFO - rsi = True, 44.069254871578316
2024-06-07 05:16:44,402 - INFO - volume_qualify = False
2024-06-07 05:16:44,402 - INFO - high_volume_node_qualify = False
2024-06-07 05:16:44,402 - INFO - 70260.6
2024-06-07 05:16:44,402 - INFO - =======================
2024-06-07 05:16:44,402 - INFO - Conditions not met for either position.
2024-06-07 05:16:44,709 - INFO - =======================
2024-06-07 05:16:44,709 - INFO - vwap_qualify = True
2024-06-07 05:16:44,709 - INFO - ema_short = False
2024-06-07 05:16:44,709 - INFO - ema_medium = False
2024-06-07 05:16:44,709 - INFO - ema_long = True
2024-06-07 05:16:44,709 - INFO - rsi = True, 44.074524644920636
2024-06-07 05:16:44,709 - INFO - volume_qualify = False
2024-06-07 05:16:44,709 - INFO - high_volume_node_qualify = False
2024-06-07 05:16:44,709 - INFO - 70260.6
2024-06-07 05:16:44,709 - INFO - =======================
2024-06-07 05:16:44,710 - INFO - Conditions not met for either position.
2024-06-07 05:16:44,991 - INFO - =======================
2024-06-07 05:16:44,991 - INFO - vwap_qualify = True
2024-06-07 05:16:44,991 - INFO - ema_short = False
2024-06-07 05:16:44,992 - INFO - ema_medium = False
2024-06-07 05:16:44,992 - INFO - ema_long = True
2024-06-07 05:16:44,992 - INFO - rsi = True, 44.074524644920636
2024-06-07 05:16:44,992 - INFO - volume_qualify = False
2024-06-07 05:16:44,992 - INFO - high_volume_node_qualify = False
2024-06-07 05:16:44,992 - INFO - 70260.6
2024-06-07 05:16:44,992 - INFO - =======================
2024-06-07 05:16:44,992 - INFO - Conditions not met for either position.
2024-06-07 05:16:45,397 - INFO - =======================
2024-06-07 05:16:45,397 - INFO - vwap_qualify = True
2024-06-07 05:16:45,397 - INFO - ema_short = False
2024-06-07 05:16:45,397 - INFO - ema_medium = False
2024-06-07 05:16:45,397 - INFO - ema_long = True
2024-06-07 05:16:45,397 - INFO - rsi = True, 44.069254871578316
2024-06-07 05:16:45,397 - INFO - volume_qualify = False
2024-06-07 05:16:45,397 - INFO - high_volume_node_qualify = False
2024-06-07 05:16:45,397 - INFO - 70260.6
2024-06-07 05:16:45,397 - INFO - =======================
2024-06-07 05:16:45,397 - INFO - Conditions not met for either position.
2024-06-07 05:16:45,671 - INFO - =======================
2024-06-07 05:16:45,671 - INFO - vwap_qualify = True
2024-06-07 05:16:45,671 - INFO - ema_short = False
2024-06-07 05:16:45,671 - INFO - ema_medium = False
2024-06-07 05:16:45,672 - INFO - ema_long = True
2024-06-07 05:16:45,672 - INFO - rsi = True, 44.069254871578316
2024-06-07 05:16:45,672 - INFO - volume_qualify = False
2024-06-07 05:16:45,672 - INFO - high_volume_node_qualify = False
2024-06-07 05:16:45,672 - INFO - 70260.6
2024-06-07 05:16:45,672 - INFO - =======================
2024-06-07 05:16:45,672 - INFO - Conditions not met for either position.
2024-06-07 05:16:45,940 - INFO - =======================
2024-06-07 05:16:45,941 - INFO - vwap_qualify = True
2024-06-07 05:16:45,941 - INFO - ema_short = False
2024-06-07 05:16:45,941 - INFO - ema_medium = False
2024-06-07 05:16:45,941 - INFO - ema_long = True
2024-06-07 05:16:45,941 - INFO - rsi = True, 44.16395910081408
2024-06-07 05:16:45,941 - INFO - volume_qualify = False
2024-06-07 05:16:45,941 - INFO - high_volume_node_qualify = False
2024-06-07 05:16:45,941 - INFO - 70260.6
2024-06-07 05:16:45,941 - INFO - =======================
2024-06-07 05:16:45,941 - INFO - Conditions not met for either position.
2024-06-07 05:16:46,206 - INFO - =======================
2024-06-07 05:16:46,207 - INFO - vwap_qualify = True
2024-06-07 05:16:46,207 - INFO - ema_short = False
2024-06-07 05:16:46,207 - INFO - ema_medium = False
2024-06-07 05:16:46,207 - INFO - ema_long = True
2024-06-07 05:16:46,207 - INFO - rsi = True, 44.15870616933415
2024-06-07 05:16:46,207 - INFO - volume_qualify = False
2024-06-07 05:16:46,207 - INFO - high_volume_node_qualify = False
2024-06-07 05:16:46,207 - INFO - 70260.6
2024-06-07 05:16:46,207 - INFO - =======================
2024-06-07 05:16:46,207 - INFO - Conditions not met for either position.
2024-06-07 05:16:46,487 - INFO - =======================
2024-06-07 05:16:46,487 - INFO - vwap_qualify = True
2024-06-07 05:16:46,487 - INFO - ema_short = False
2024-06-07 05:16:46,487 - INFO - ema_medium = False
2024-06-07 05:16:46,487 - INFO - ema_long = True
2024-06-07 05:16:46,487 - INFO - rsi = True, 44.16395910081408
2024-06-07 05:16:46,487 - INFO - volume_qualify = False
2024-06-07 05:16:46,487 - INFO - high_volume_node_qualify = False
2024-06-07 05:16:46,487 - INFO - 70260.6
2024-06-07 05:16:46,487 - INFO - =======================
2024-06-07 05:16:46,487 - INFO - Conditions not met for either position.
2024-06-07 05:16:46,836 - INFO - =======================
2024-06-07 05:16:46,836 - INFO - vwap_qualify = True
2024-06-07 05:16:46,836 - INFO - ema_short = False
2024-06-07 05:16:46,836 - INFO - ema_medium = False
2024-06-07 05:16:46,836 - INFO - ema_long = True
2024-06-07 05:16:46,836 - INFO - rsi = True, 44.15870616933415
2024-06-07 05:16:46,836 - INFO - volume_qualify = False
2024-06-07 05:16:46,836 - INFO - high_volume_node_qualify = False
2024-06-07 05:16:46,836 - INFO - 70260.6
2024-06-07 05:16:46,836 - INFO - =======================
2024-06-07 05:16:46,836 - INFO - Conditions not met for either position.
2024-06-07 05:16:47,183 - INFO - =======================
2024-06-07 05:16:47,183 - INFO - vwap_qualify = True
2024-06-07 05:16:47,183 - INFO - ema_short = False
2024-06-07 05:16:47,183 - INFO - ema_medium = False
2024-06-07 05:16:47,183 - INFO - ema_long = True
2024-06-07 05:16:47,183 - INFO - rsi = True, 44.15870616933415
2024-06-07 05:16:47,183 - INFO - volume_qualify = False
2024-06-07 05:16:47,183 - INFO - high_volume_node_qualify = False
2024-06-07 05:16:47,183 - INFO - 70260.6
2024-06-07 05:16:47,183 - INFO - =======================
2024-06-07 05:16:47,184 - INFO - Conditions not met for either position.
2024-06-07 05:16:47,511 - INFO - =======================
2024-06-07 05:16:47,512 - INFO - vwap_qualify = True
2024-06-07 05:16:47,512 - INFO - ema_short = False
2024-06-07 05:16:47,512 - INFO - ema_medium = False
2024-06-07 05:16:47,512 - INFO - ema_long = True
2024-06-07 05:16:47,512 - INFO - rsi = True, 44.15870616933415
2024-06-07 05:16:47,512 - INFO - volume_qualify = False
2024-06-07 05:16:47,512 - INFO - high_volume_node_qualify = False
2024-06-07 05:16:47,512 - INFO - 70260.6
2024-06-07 05:16:47,512 - INFO - =======================
2024-06-07 05:16:47,512 - INFO - Conditions not met for either position.
2024-06-07 05:16:47,822 - INFO - =======================
2024-06-07 05:16:47,822 - INFO - vwap_qualify = True
2024-06-07 05:16:47,823 - INFO - ema_short = False
2024-06-07 05:16:47,823 - INFO - ema_medium = False
2024-06-07 05:16:47,823 - INFO - ema_long = True
2024-06-07 05:16:47,823 - INFO - rsi = True, 44.72036941686341
2024-06-07 05:16:47,823 - INFO - volume_qualify = False
2024-06-07 05:16:47,823 - INFO - high_volume_node_qualify = False
2024-06-07 05:16:47,823 - INFO - 70260.6
2024-06-07 05:16:47,823 - INFO - =======================
2024-06-07 05:16:47,823 - INFO - Conditions not met for either position.
2024-06-07 05:16:48,159 - INFO - =======================
2024-06-07 05:16:48,159 - INFO - vwap_qualify = True
2024-06-07 05:16:48,159 - INFO - ema_short = False
2024-06-07 05:16:48,159 - INFO - ema_medium = False
2024-06-07 05:16:48,159 - INFO - ema_long = True
2024-06-07 05:16:48,159 - INFO - rsi = True, 44.72036941686341
2024-06-07 05:16:48,160 - INFO - volume_qualify = False
2024-06-07 05:16:48,160 - INFO - high_volume_node_qualify = False
2024-06-07 05:16:48,160 - INFO - 70260.6
2024-06-07 05:16:48,160 - INFO - =======================
2024-06-07 05:16:48,160 - INFO - Conditions not met for either position.
2024-06-07 05:16:48,637 - INFO - =======================
2024-06-07 05:16:48,637 - INFO - vwap_qualify = True
2024-06-07 05:16:48,637 - INFO - ema_short = False
2024-06-07 05:16:48,637 - INFO - ema_medium = False
2024-06-07 05:16:48,637 - INFO - ema_long = True
2024-06-07 05:16:48,638 - INFO - rsi = True, 44.72036941686341
2024-06-07 05:16:48,638 - INFO - volume_qualify = False
2024-06-07 05:16:48,638 - INFO - high_volume_node_qualify = False
2024-06-07 05:16:48,638 - INFO - 70260.6
2024-06-07 05:16:48,638 - INFO - =======================
2024-06-07 05:16:48,638 - INFO - Conditions not met for either position.
2024-06-07 05:16:48,974 - INFO - =======================
2024-06-07 05:16:48,974 - INFO - vwap_qualify = True
2024-06-07 05:16:48,974 - INFO - ema_short = False
2024-06-07 05:16:48,975 - INFO - ema_medium = False
2024-06-07 05:16:48,975 - INFO - ema_long = True
2024-06-07 05:16:48,975 - INFO - rsi = True, 44.331532664778685
2024-06-07 05:16:48,975 - INFO - volume_qualify = False
2024-06-07 05:16:48,975 - INFO - high_volume_node_qualify = False
2024-06-07 05:16:48,975 - INFO - 70260.6
2024-06-07 05:16:48,975 - INFO - =======================
2024-06-07 05:16:48,975 - INFO - Conditions not met for either position.
2024-06-07 05:16:49,359 - INFO - =======================
2024-06-07 05:16:49,359 - INFO - vwap_qualify = True
2024-06-07 05:16:49,359 - INFO - ema_short = False
2024-06-07 05:16:49,359 - INFO - ema_medium = False
2024-06-07 05:16:49,359 - INFO - ema_long = True
2024-06-07 05:16:49,359 - INFO - rsi = True, 44.331532664778685
2024-06-07 05:16:49,359 - INFO - volume_qualify = False
2024-06-07 05:16:49,359 - INFO - high_volume_node_qualify = False
2024-06-07 05:16:49,359 - INFO - 70260.6
2024-06-07 05:16:49,359 - INFO - =======================
2024-06-07 05:16:49,359 - INFO - Conditions not met for either position.
2024-06-07 05:16:49,628 - INFO - =======================
2024-06-07 05:16:49,628 - INFO - vwap_qualify = True
2024-06-07 05:16:49,628 - INFO - ema_short = False
2024-06-07 05:16:49,628 - INFO - ema_medium = False
2024-06-07 05:16:49,628 - INFO - ema_long = True
2024-06-07 05:16:49,628 - INFO - rsi = True, 44.331532664778685
2024-06-07 05:16:49,628 - INFO - volume_qualify = False
2024-06-07 05:16:49,628 - INFO - high_volume_node_qualify = False
2024-06-07 05:16:49,628 - INFO - 70260.6
2024-06-07 05:16:49,629 - INFO - =======================
2024-06-07 05:16:49,629 - INFO - Conditions not met for either position.
2024-06-07 05:16:49,956 - INFO - =======================
2024-06-07 05:16:49,956 - INFO - vwap_qualify = True
2024-06-07 05:16:49,956 - INFO - ema_short = False
2024-06-07 05:16:49,956 - INFO - ema_medium = False
2024-06-07 05:16:49,956 - INFO - ema_long = True
2024-06-07 05:16:49,956 - INFO - rsi = True, 44.331532664778685
2024-06-07 05:16:49,956 - INFO - volume_qualify = False
2024-06-07 05:16:49,956 - INFO - high_volume_node_qualify = False
2024-06-07 05:16:49,956 - INFO - 70260.6
2024-06-07 05:16:49,956 - INFO - =======================
2024-06-07 05:16:49,956 - INFO - Conditions not met for either position.
2024-06-07 05:16:50,306 - INFO - =======================
2024-06-07 05:16:50,306 - INFO - vwap_qualify = True
2024-06-07 05:16:50,306 - INFO - ema_short = False
2024-06-07 05:16:50,306 - INFO - ema_medium = False
2024-06-07 05:16:50,306 - INFO - ema_long = True
2024-06-07 05:16:50,306 - INFO - rsi = True, 44.326311217361685
2024-06-07 05:16:50,306 - INFO - volume_qualify = False
2024-06-07 05:16:50,306 - INFO - high_volume_node_qualify = False
2024-06-07 05:16:50,306 - INFO - 70260.6
2024-06-07 05:16:50,306 - INFO - =======================
2024-06-07 05:16:50,307 - INFO - Conditions not met for either position.
2024-06-07 05:16:50,565 - INFO - =======================
2024-06-07 05:16:50,565 - INFO - vwap_qualify = True
2024-06-07 05:16:50,565 - INFO - ema_short = False
2024-06-07 05:16:50,565 - INFO - ema_medium = False
2024-06-07 05:16:50,565 - INFO - ema_long = True
2024-06-07 05:16:50,565 - INFO - rsi = True, 44.331532664778685
2024-06-07 05:16:50,565 - INFO - volume_qualify = False
2024-06-07 05:16:50,565 - INFO - high_volume_node_qualify = False
2024-06-07 05:16:50,565 - INFO - 70260.6
2024-06-07 05:16:50,565 - INFO - =======================
2024-06-07 05:16:50,565 - INFO - Conditions not met for either position.
2024-06-07 05:16:51,160 - INFO - =======================
2024-06-07 05:16:51,160 - INFO - vwap_qualify = True
2024-06-07 05:16:51,160 - INFO - ema_short = False
2024-06-07 05:16:51,160 - INFO - ema_medium = False
2024-06-07 05:16:51,160 - INFO - ema_long = True
2024-06-07 05:16:51,160 - INFO - rsi = True, 44.326311217361685
2024-06-07 05:16:51,160 - INFO - volume_qualify = False
2024-06-07 05:16:51,160 - INFO - high_volume_node_qualify = False
2024-06-07 05:16:51,160 - INFO - 70260.6
2024-06-07 05:16:51,160 - INFO - =======================
2024-06-07 05:16:51,160 - INFO - Conditions not met for either position.
2024-06-07 05:16:51,453 - INFO - =======================
2024-06-07 05:16:51,453 - INFO - vwap_qualify = True
2024-06-07 05:16:51,454 - INFO - ema_short = False
2024-06-07 05:16:51,454 - INFO - ema_medium = False
2024-06-07 05:16:51,454 - INFO - ema_long = True
2024-06-07 05:16:51,454 - INFO - rsi = True, 44.570665058322994
2024-06-07 05:16:51,454 - INFO - volume_qualify = False
2024-06-07 05:16:51,454 - INFO - high_volume_node_qualify = False
2024-06-07 05:16:51,454 - INFO - 70260.6
2024-06-07 05:16:51,454 - INFO - =======================
2024-06-07 05:16:51,454 - INFO - Conditions not met for either position.
2024-06-07 05:16:51,888 - INFO - =======================
2024-06-07 05:16:51,888 - INFO - vwap_qualify = True
2024-06-07 05:16:51,888 - INFO - ema_short = False
2024-06-07 05:16:51,888 - INFO - ema_medium = False
2024-06-07 05:16:51,888 - INFO - ema_long = True
2024-06-07 05:16:51,888 - INFO - rsi = True, 44.56548837569086
2024-06-07 05:16:51,888 - INFO - volume_qualify = False
2024-06-07 05:16:51,889 - INFO - high_volume_node_qualify = False
2024-06-07 05:16:51,889 - INFO - 70260.6
2024-06-07 05:16:51,889 - INFO - =======================
2024-06-07 05:16:51,889 - INFO - Conditions not met for either position.
2024-06-07 05:16:52,315 - INFO - =======================
2024-06-07 05:16:52,315 - INFO - vwap_qualify = True
2024-06-07 05:16:52,315 - INFO - ema_short = False
2024-06-07 05:16:52,315 - INFO - ema_medium = False
2024-06-07 05:16:52,315 - INFO - ema_long = True
2024-06-07 05:16:52,315 - INFO - rsi = True, 44.54477197228275
2024-06-07 05:16:52,315 - INFO - volume_qualify = False
2024-06-07 05:16:52,315 - INFO - high_volume_node_qualify = False
2024-06-07 05:16:52,315 - INFO - 70260.6
2024-06-07 05:16:52,315 - INFO - =======================
2024-06-07 05:16:52,315 - INFO - Conditions not met for either position.
2024-06-07 05:16:52,570 - INFO - =======================
2024-06-07 05:16:52,570 - INFO - vwap_qualify = True
2024-06-07 05:16:52,570 - INFO - ema_short = False
2024-06-07 05:16:52,570 - INFO - ema_medium = False
2024-06-07 05:16:52,570 - INFO - ema_long = True
2024-06-07 05:16:52,570 - INFO - rsi = True, 44.446157228978855
2024-06-07 05:16:52,570 - INFO - volume_qualify = False
2024-06-07 05:16:52,570 - INFO - high_volume_node_qualify = False
2024-06-07 05:16:52,571 - INFO - 70260.6
2024-06-07 05:16:52,571 - INFO - =======================
2024-06-07 05:16:52,571 - INFO - Conditions not met for either position.
2024-06-07 05:16:52,891 - INFO - =======================
2024-06-07 05:16:52,892 - INFO - vwap_qualify = True
2024-06-07 05:16:52,892 - INFO - ema_short = False
2024-06-07 05:16:52,892 - INFO - ema_medium = False
2024-06-07 05:16:52,892 - INFO - ema_long = True
2024-06-07 05:16:52,892 - INFO - rsi = True, 44.440957262947535
2024-06-07 05:16:52,892 - INFO - volume_qualify = False
2024-06-07 05:16:52,892 - INFO - high_volume_node_qualify = False
2024-06-07 05:16:52,892 - INFO - 70260.6
2024-06-07 05:16:52,892 - INFO - =======================
2024-06-07 05:16:52,892 - INFO - Conditions not met for either position.
2024-06-07 05:16:53,178 - INFO - =======================
2024-06-07 05:16:53,178 - INFO - vwap_qualify = True
2024-06-07 05:16:53,178 - INFO - ema_short = False
2024-06-07 05:16:53,178 - INFO - ema_medium = False
2024-06-07 05:16:53,178 - INFO - ema_long = True
2024-06-07 05:16:53,178 - INFO - rsi = True, 44.440957262947535
2024-06-07 05:16:53,178 - INFO - volume_qualify = False
2024-06-07 05:16:53,178 - INFO - high_volume_node_qualify = False
2024-06-07 05:16:53,178 - INFO - 70260.6
2024-06-07 05:16:53,178 - INFO - =======================
2024-06-07 05:16:53,178 - INFO - Conditions not met for either position.
2024-06-07 05:16:53,584 - INFO - =======================
2024-06-07 05:16:53,584 - INFO - vwap_qualify = True
2024-06-07 05:16:53,584 - INFO - ema_short = False
2024-06-07 05:16:53,584 - INFO - ema_medium = False
2024-06-07 05:16:53,584 - INFO - ema_long = True
2024-06-07 05:16:53,584 - INFO - rsi = True, 44.446157228978855
2024-06-07 05:16:53,584 - INFO - volume_qualify = False
2024-06-07 05:16:53,584 - INFO - high_volume_node_qualify = False
2024-06-07 05:16:53,584 - INFO - 70260.6
2024-06-07 05:16:53,584 - INFO - =======================
2024-06-07 05:16:53,584 - INFO - Conditions not met for either position.
2024-06-07 05:16:53,837 - INFO - =======================
2024-06-07 05:16:53,838 - INFO - vwap_qualify = True
2024-06-07 05:16:53,838 - INFO - ema_short = False
2024-06-07 05:16:53,838 - INFO - ema_medium = False
2024-06-07 05:16:53,838 - INFO - ema_long = True
2024-06-07 05:16:53,838 - INFO - rsi = True, 44.446157228978855
2024-06-07 05:16:53,838 - INFO - volume_qualify = False
2024-06-07 05:16:53,838 - INFO - high_volume_node_qualify = False
2024-06-07 05:16:53,838 - INFO - 70260.6
2024-06-07 05:16:53,838 - INFO - =======================
2024-06-07 05:16:53,838 - INFO - Conditions not met for either position.
2024-06-07 05:16:54,128 - INFO - =======================
2024-06-07 05:16:54,129 - INFO - vwap_qualify = True
2024-06-07 05:16:54,129 - INFO - ema_short = False
2024-06-07 05:16:54,129 - INFO - ema_medium = False
2024-06-07 05:16:54,129 - INFO - ema_long = True
2024-06-07 05:16:54,129 - INFO - rsi = True, 44.440957262947535
2024-06-07 05:16:54,129 - INFO - volume_qualify = False
2024-06-07 05:16:54,129 - INFO - high_volume_node_qualify = False
2024-06-07 05:16:54,129 - INFO - 70260.6
2024-06-07 05:16:54,129 - INFO - =======================
2024-06-07 05:16:54,129 - INFO - Conditions not met for either position.
2024-06-07 05:16:54,393 - INFO - =======================
2024-06-07 05:16:54,393 - INFO - vwap_qualify = True
2024-06-07 05:16:54,393 - INFO - ema_short = False
2024-06-07 05:16:54,393 - INFO - ema_medium = False
2024-06-07 05:16:54,393 - INFO - ema_long = True
2024-06-07 05:16:54,393 - INFO - rsi = True, 44.446157228978855
2024-06-07 05:16:54,393 - INFO - volume_qualify = False
2024-06-07 05:16:54,393 - INFO - high_volume_node_qualify = False
2024-06-07 05:16:54,394 - INFO - 70260.6
2024-06-07 05:16:54,394 - INFO - =======================
2024-06-07 05:16:54,394 - INFO - Conditions not met for either position.
2024-06-07 05:16:54,640 - INFO - =======================
2024-06-07 05:16:54,640 - INFO - vwap_qualify = True
2024-06-07 05:16:54,640 - INFO - ema_short = False
2024-06-07 05:16:54,640 - INFO - ema_medium = False
2024-06-07 05:16:54,640 - INFO - ema_long = True
2024-06-07 05:16:54,640 - INFO - rsi = True, 44.362840793364356
2024-06-07 05:16:54,640 - INFO - volume_qualify = False
2024-06-07 05:16:54,640 - INFO - high_volume_node_qualify = False
2024-06-07 05:16:54,640 - INFO - 70260.6
2024-06-07 05:16:54,640 - INFO - =======================
2024-06-07 05:16:54,640 - INFO - Conditions not met for either position.
2024-06-07 05:16:54,924 - INFO - =======================
2024-06-07 05:16:54,924 - INFO - vwap_qualify = True
2024-06-07 05:16:54,924 - INFO - ema_short = False
2024-06-07 05:16:54,924 - INFO - ema_medium = False
2024-06-07 05:16:54,924 - INFO - ema_long = True
2024-06-07 05:16:54,924 - INFO - rsi = True, 44.362840793364356
2024-06-07 05:16:54,924 - INFO - volume_qualify = False
2024-06-07 05:16:54,924 - INFO - high_volume_node_qualify = False
2024-06-07 05:16:54,925 - INFO - 70260.6
2024-06-07 05:16:54,925 - INFO - =======================
2024-06-07 05:16:54,925 - INFO - Conditions not met for either position.
2024-06-07 05:16:55,216 - INFO - =======================
2024-06-07 05:16:55,216 - INFO - vwap_qualify = True
2024-06-07 05:16:55,216 - INFO - ema_short = False
2024-06-07 05:16:55,216 - INFO - ema_medium = False
2024-06-07 05:16:55,217 - INFO - ema_long = True
2024-06-07 05:16:55,217 - INFO - rsi = True, 44.352408664079285
2024-06-07 05:16:55,217 - INFO - volume_qualify = False
2024-06-07 05:16:55,217 - INFO - high_volume_node_qualify = False
2024-06-07 05:16:55,217 - INFO - 70260.6
2024-06-07 05:16:55,217 - INFO - =======================
2024-06-07 05:16:55,217 - INFO - Conditions not met for either position.
2024-06-07 05:16:55,467 - INFO - =======================
2024-06-07 05:16:55,467 - INFO - vwap_qualify = True
2024-06-07 05:16:55,467 - INFO - ema_short = False
2024-06-07 05:16:55,467 - INFO - ema_medium = False
2024-06-07 05:16:55,467 - INFO - ema_long = True
2024-06-07 05:16:55,467 - INFO - rsi = True, 44.326311217361685
2024-06-07 05:16:55,467 - INFO - volume_qualify = False
2024-06-07 05:16:55,467 - INFO - high_volume_node_qualify = False
2024-06-07 05:16:55,467 - INFO - 70260.6
2024-06-07 05:16:55,467 - INFO - =======================
2024-06-07 05:16:55,467 - INFO - Conditions not met for either position.
2024-06-07 05:16:55,799 - INFO - =======================
2024-06-07 05:16:55,799 - INFO - vwap_qualify = True
2024-06-07 05:16:55,799 - INFO - ema_short = False
2024-06-07 05:16:55,799 - INFO - ema_medium = False
2024-06-07 05:16:55,799 - INFO - ema_long = True
2024-06-07 05:16:55,799 - INFO - rsi = True, 44.053439591111214
2024-06-07 05:16:55,799 - INFO - volume_qualify = False
2024-06-07 05:16:55,799 - INFO - high_volume_node_qualify = False
2024-06-07 05:16:55,799 - INFO - 70260.6
2024-06-07 05:16:55,799 - INFO - =======================
2024-06-07 05:16:55,799 - INFO - Conditions not met for either position.
