2024-06-13 02:52:19 - Opened long position at 69717.4
2024-06-13 02:57:35 - Closed long position at 69858.9 with profit. profit: (4.06%)
2024-06-13 03:00:01 - Opened short position at 69761.0
2024-06-13 03:00:01 - Closed short position at 69642.5 with profit. profit: (3.40%)
2024-06-13 03:01:58 - Opened short position at 69540.1
2024-06-13 03:02:03 - Closed short position at 69713.9 with loss. loss: (-5.00%)
2024-06-13 03:02:04 - Opened short position at 69647.5
2024-06-13 03:02:15 - Closed short position at 69593.2 with profit. profit: (1.56%)
2024-06-13 03:02:15 - Opened short position at 69579.7
2024-06-13 03:02:18 - Closed short position at 69528.8 with profit. profit: (1.46%)
2024-06-13 03:02:18 - Opened short position at 69519.1
2024-06-13 03:02:21 - Closed short position at 69463.9 with profit. profit: (1.59%)
2024-06-13 03:02:21 - Opened short position at 69474.2
2024-06-13 03:02:23 - Closed short position at 69420.2 with profit. profit: (1.55%)
2024-06-13 03:49:12 - Opened short position at 68775.0
2024-06-13 03:49:22 - Closed short position at 68722.8 with profit. profit: (1.52%)
2024-06-13 03:49:23 - Opened short position at 68778.6
2024-06-13 03:49:33 - Closed short position at 68729.5 with profit. profit: (1.43%)
2024-06-13 05:23:54 - Opened long position at 67880.0
2024-06-13 05:32:22 - Closed long position at 68024.0 with profit. profit: (4.24%)
2024-06-13 06:41:21 - Opened long position at 68522.4
2024-06-13 07:16:17 - Closed long position at 68401.6 with loss. loss: (-3.53%)
2024-06-13 08:07:52 - Opened short position at 68253.1
2024-06-13 08:12:45 - Closed short position at 68202.2 with profit. profit: (1.49%)
2024-06-13 08:31:42 - Opened long position at 68216.9
2024-06-13 09:08:16 - Closed long position at 68135.7 with loss. loss: (-2.38%)
2024-06-13 09:08:33 - Opened short position at 68151.9
2024-06-13 09:11:22 - Closed short position at 68103.5 with profit. profit: (1.42%)
2024-06-13 09:18:43 - Opened short position at 68074.5
2024-06-13 09:19:55 - Closed short position at 68023.0 with profit. profit: (1.51%)
2024-06-13 09:20:37 - Opened short position at 68074.9
2024-06-13 09:22:52 - Closed short position at 68160.0 with loss. loss: (-2.50%)
2024-06-13 10:07:03 - Opened short position at 68282.6
2024-06-13 10:10:44 - Closed short position at 68228.8 with profit. profit: (1.58%)
2024-06-13 10:11:16 - Opened short position at 68254.5
2024-06-13 10:18:04 - Closed short position at 68206.0 with profit. profit: (1.42%)
2024-06-13 10:20:05 - Opened short position at 68181.9
2024-06-13 10:23:03 - Closed short position at 68132.1 with profit. profit: (1.46%)
2024-06-13 10:47:02 - Opened long position at 68152.9
2024-06-13 10:50:18 - Closed long position at 68051.9 with loss. loss: (-2.96%)
2024-06-13 11:05:37 - Opened short position at 67951.2
2024-06-13 11:06:40 - Closed short position at 67892.3 with profit. profit: (1.73%)
2024-06-13 11:06:44 - Opened short position at 67901.6
2024-06-13 11:07:27 - Closed short position at 67853.3 with profit. profit: (1.42%)
2024-06-13 11:07:41 - Opened short position at 67899.1
2024-06-13 11:15:40 - Closed short position at 67842.7 with profit. profit: (1.66%)
2024-06-13 11:19:25 - Opened long position at 67993.2
2024-06-13 11:26:57 - Closed long position at 68136.9 with profit. profit: (4.23%)
2024-06-13 11:40:26 - Opened short position at 68004.3
2024-06-13 11:41:05 - Closed short position at 67955.3 with profit. profit: (1.44%)
2024-06-13 11:41:06 - Opened short position at 67953.7
2024-06-13 11:41:39 - Closed short position at 67890.2 with profit. profit: (1.87%)
